<?xml version="1.0" encoding="UTF-8"?>
<!-- Generated by org.testng.reporters.JUnitReportReporter -->
<testsuite hostname="TTU-8SJKTG3" failures="0" tests="1" name="com.herokuapp.theinternet.NewTest" time="17.826" errors="0" timestamp="2024-04-29T16:15:23 WEST" skipped="0">
  <testcase classname="com.herokuapp.theinternet.NewTest" name="homeworkTest" time="17.826"/>
</testsuite> <!-- com.herokuapp.theinternet.NewTest -->
