<?xml version="1.0" encoding="UTF-8"?>
<!-- Generated by org.testng.reporters.JUnitReportReporter -->
<testsuite hostname="TTU-8SJKTG3" failures="0" tests="1" name="com.herokuapp.theinternet.PositiveTests" time="9.564" errors="0" timestamp="2024-04-18T02:17:57 WEST" skipped="0">
  <testcase classname="com.herokuapp.theinternet.PositiveTests" name="loginTest" time="9.564"/>
</testsuite> <!-- com.herokuapp.theinternet.PositiveTests -->
