<?xml version="1.0" encoding="UTF-8"?>
<!-- Generated by org.testng.reporters.JUnitReportReporter -->
<testsuite hostname="TTU-8SJKTG3" failures="0" tests="1" name="com.herokuapp.theinternet.TestCase5" time="11.048" errors="0" timestamp="2024-05-03T03:49:32 WEST" skipped="0">
  <testcase classname="com.herokuapp.theinternet.TestCase5" name="timeoutException" time="11.048"/>
</testsuite> <!-- com.herokuapp.theinternet.TestCase5 -->
