<?xml version="1.0" encoding="UTF-8"?>
<!-- Generated by org.testng.reporters.JUnitReportReporter -->
<testsuite hostname="TTU-8SJKTG3" failures="0" tests="1" name="com.herokuapp.theinternet.TestCase1" time="11.517" errors="0" timestamp="2024-05-01T03:02:05 WEST" skipped="0">
  <testcase classname="com.herokuapp.theinternet.TestCase1" name="noSuchElementException" time="11.517"/>
</testsuite> <!-- com.herokuapp.theinternet.TestCase1 -->
