<?xml version="1.0" encoding="UTF-8"?>
<!-- Generated by org.testng.reporters.JUnitReportReporter -->
<testsuite hostname="TTU-8SJKTG3" failures="0" tests="1" name="com.herokuapp.theinternet.TestCase3" time="6.172" errors="0" timestamp="2024-05-02T21:44:17 WEST" skipped="0">
  <testcase classname="com.herokuapp.theinternet.TestCase3" name="invalidElementStateException" time="6.172"/>
</testsuite> <!-- com.herokuapp.theinternet.TestCase3 -->
