<?xml version="1.0" encoding="UTF-8"?>
<!-- Generated by org.testng.reporters.JUnitReportReporter -->
<testsuite hostname="TTU-8SJKTG3" failures="0" tests="1" name="com.herokuapp.theinternet.TestCase4" time="11.078" errors="0" timestamp="2024-05-03T03:39:38 WEST" skipped="0">
  <testcase classname="com.herokuapp.theinternet.TestCase4" name="staleElementReferenceException" time="11.078"/>
</testsuite> <!-- com.herokuapp.theinternet.TestCase4 -->
