<?xml version="1.0" encoding="UTF-8"?>
<!-- Generated by org.testng.reporters.JUnitReportReporter -->
<testsuite hostname="TTU-8SJKTG3" failures="0" tests="1" name="com.herokuapp.theinternet.TestCase2" time="14.698" errors="0" timestamp="2024-05-02T03:12:53 WEST" skipped="0">
  <testcase classname="com.herokuapp.theinternet.TestCase2" name="elementNotInteractableException" time="14.698"/>
</testsuite> <!-- com.herokuapp.theinternet.TestCase2 -->
