<?xml version="1.0" encoding="UTF-8"?>
<!-- Generated by org.testng.reporters.JUnitReportReporter -->
<testsuite hostname="TTU-8SJKTG3" failures="0" tests="2" name="com.herokuapp.theinternet.NegativeTests" time="29.526" errors="0" timestamp="2024-04-18T02:25:20 WEST" skipped="0">
  <testcase classname="com.herokuapp.theinternet.NegativeTests" name="incorrectUsernameTest" time="16.685"/>
  <testcase classname="com.herokuapp.theinternet.NegativeTests" name="incorrectPasswordTest" time="12.841"/>
</testsuite> <!-- com.herokuapp.theinternet.NegativeTests -->
